
Bad key text.latex.preview in file /home/jusun/peng0347/anaconda3/lib/python3.7/site-packages/matplotlib/mpl-data/stylelib/_classic_test.mplstyle, line 123 ('text.latex.preview : False')
You probably need to get an updated matplotlibrc file from
https://github.com/matplotlib/matplotlib/blob/v3.5.2/matplotlibrc.template
or from the matplotlib source distribution

Bad key mathtext.fallback_to_cm in file /home/jusun/peng0347/anaconda3/lib/python3.7/site-packages/matplotlib/mpl-data/stylelib/_classic_test.mplstyle, line 155 ('mathtext.fallback_to_cm : True  # When True, use symbols from the Computer Modern')
You probably need to get an updated matplotlibrc file from
https://github.com/matplotlib/matplotlib/blob/v3.5.2/matplotlibrc.template
or from the matplotlib source distribution

Bad key savefig.jpeg_quality in file /home/jusun/peng0347/anaconda3/lib/python3.7/site-packages/matplotlib/mpl-data/stylelib/_classic_test.mplstyle, line 418 ('savefig.jpeg_quality: 95       # when a jpeg is saved, the default quality parameter.')
You probably need to get an updated matplotlibrc file from
https://github.com/matplotlib/matplotlib/blob/v3.5.2/matplotlibrc.template
or from the matplotlib source distribution

Bad key keymap.all_axes in file /home/jusun/peng0347/anaconda3/lib/python3.7/site-packages/matplotlib/mpl-data/stylelib/_classic_test.mplstyle, line 466 ('keymap.all_axes : a                 # enable all axes')
You probably need to get an updated matplotlibrc file from
https://github.com/matplotlib/matplotlib/blob/v3.5.2/matplotlibrc.template
or from the matplotlib source distribution

Bad key animation.avconv_path in file /home/jusun/peng0347/anaconda3/lib/python3.7/site-packages/matplotlib/mpl-data/stylelib/_classic_test.mplstyle, line 477 ('animation.avconv_path: avconv     # Path to avconv binary. Without full path')
You probably need to get an updated matplotlibrc file from
https://github.com/matplotlib/matplotlib/blob/v3.5.2/matplotlibrc.template
or from the matplotlib source distribution

Bad key animation.avconv_args in file /home/jusun/peng0347/anaconda3/lib/python3.7/site-packages/matplotlib/mpl-data/stylelib/_classic_test.mplstyle, line 479 ('animation.avconv_args:            # Additional arguments to pass to avconv')
You probably need to get an updated matplotlibrc file from
https://github.com/matplotlib/matplotlib/blob/v3.5.2/matplotlibrc.template
or from the matplotlib source distribution
weights for positive classes: tensor([0.0065, 0.0393, 0.0398, 0.0853, 0.1346, 0.3110, 0.3834],
       device='cuda:0')
../checkpoints/HAM/layerttl_resnet50_imagenet_17_1/
Testing on HAM, load model from at ../checkpoints/HAM/layerttl_resnet50_imagenet_17_1/
128
../checkpoints/HAM/layerttl_resnet50_imagenet_17_1/best.pt
/home/jusun/peng0347/anaconda3/lib/python3.7/site-packages/torch/nn/functional.py:718: UserWarning: Named tensors and all their associated APIs are an experimental feature and subject to change. Please do not use them for anything important until they are released as stable. (Triggered internally at  /pytorch/c10/core/TensorImpl.h:1156.)
  return torch.max_pool2d(input, kernel_size, stride, padding, dilation, ceil_mode)
0.9849608903024571 0.9741718552060591
0.7949592831694315 0.9565636434096823
0.885797372784623 0.9734351922587218
0.9104816439690754 0.9887241840474513
0.8592432065925636 0.9838560957694532
0.9343550899410286 0.9938747731397459
0.8755652045862027 0.9956126881059975
top one accuracy: 0.8942643391521197

Bad key text.latex.preview in file /home/jusun/peng0347/anaconda3/lib/python3.7/site-packages/matplotlib/mpl-data/stylelib/_classic_test.mplstyle, line 123 ('text.latex.preview : False')
You probably need to get an updated matplotlibrc file from
https://github.com/matplotlib/matplotlib/blob/v3.5.2/matplotlibrc.template
or from the matplotlib source distribution

Bad key mathtext.fallback_to_cm in file /home/jusun/peng0347/anaconda3/lib/python3.7/site-packages/matplotlib/mpl-data/stylelib/_classic_test.mplstyle, line 155 ('mathtext.fallback_to_cm : True  # When True, use symbols from the Computer Modern')
You probably need to get an updated matplotlibrc file from
https://github.com/matplotlib/matplotlib/blob/v3.5.2/matplotlibrc.template
or from the matplotlib source distribution

Bad key savefig.jpeg_quality in file /home/jusun/peng0347/anaconda3/lib/python3.7/site-packages/matplotlib/mpl-data/stylelib/_classic_test.mplstyle, line 418 ('savefig.jpeg_quality: 95       # when a jpeg is saved, the default quality parameter.')
You probably need to get an updated matplotlibrc file from
https://github.com/matplotlib/matplotlib/blob/v3.5.2/matplotlibrc.template
or from the matplotlib source distribution

Bad key keymap.all_axes in file /home/jusun/peng0347/anaconda3/lib/python3.7/site-packages/matplotlib/mpl-data/stylelib/_classic_test.mplstyle, line 466 ('keymap.all_axes : a                 # enable all axes')
You probably need to get an updated matplotlibrc file from
https://github.com/matplotlib/matplotlib/blob/v3.5.2/matplotlibrc.template
or from the matplotlib source distribution

Bad key animation.avconv_path in file /home/jusun/peng0347/anaconda3/lib/python3.7/site-packages/matplotlib/mpl-data/stylelib/_classic_test.mplstyle, line 477 ('animation.avconv_path: avconv     # Path to avconv binary. Without full path')
You probably need to get an updated matplotlibrc file from
https://github.com/matplotlib/matplotlib/blob/v3.5.2/matplotlibrc.template
or from the matplotlib source distribution

Bad key animation.avconv_args in file /home/jusun/peng0347/anaconda3/lib/python3.7/site-packages/matplotlib/mpl-data/stylelib/_classic_test.mplstyle, line 479 ('animation.avconv_args:            # Additional arguments to pass to avconv')
You probably need to get an updated matplotlibrc file from
https://github.com/matplotlib/matplotlib/blob/v3.5.2/matplotlibrc.template
or from the matplotlib source distribution
weights for positive classes: tensor([0.0065, 0.0393, 0.0398, 0.0853, 0.1346, 0.3110, 0.3834],
       device='cuda:0')
../checkpoints/HAM/layer_wise_slim_resnet50_imagenet_1_1/
Testing on HAM, load model from at ../checkpoints/HAM/layer_wise_slim_resnet50_imagenet_1_1/
128
../checkpoints/HAM/layer_wise_slim_resnet50_imagenet_1_1/best.pt
/home/jusun/peng0347/anaconda3/lib/python3.7/site-packages/torch/nn/functional.py:718: UserWarning: Named tensors and all their associated APIs are an experimental feature and subject to change. Please do not use them for anything important until they are released as stable. (Triggered internally at  /pytorch/c10/core/TensorImpl.h:1156.)
  return torch.max_pool2d(input, kernel_size, stride, padding, dilation, ceil_mode)
0.9536653787389524 0.9040412208116584
0.4231714357605349 0.867690356479594
0.43290494942804536 0.8544206773618538
0.4844439605839412 0.9398180760160485
0.4769451178367143 0.9553815618797568
0.7261868459474101 0.9901752059193076
0.23979062275732738 0.9113104900627386
top one accuracy: 0.6538653366583541

Bad key text.latex.preview in file /home/jusun/peng0347/anaconda3/lib/python3.7/site-packages/matplotlib/mpl-data/stylelib/_classic_test.mplstyle, line 123 ('text.latex.preview : False')
You probably need to get an updated matplotlibrc file from
https://github.com/matplotlib/matplotlib/blob/v3.5.2/matplotlibrc.template
or from the matplotlib source distribution

Bad key mathtext.fallback_to_cm in file /home/jusun/peng0347/anaconda3/lib/python3.7/site-packages/matplotlib/mpl-data/stylelib/_classic_test.mplstyle, line 155 ('mathtext.fallback_to_cm : True  # When True, use symbols from the Computer Modern')
You probably need to get an updated matplotlibrc file from
https://github.com/matplotlib/matplotlib/blob/v3.5.2/matplotlibrc.template
or from the matplotlib source distribution

Bad key savefig.jpeg_quality in file /home/jusun/peng0347/anaconda3/lib/python3.7/site-packages/matplotlib/mpl-data/stylelib/_classic_test.mplstyle, line 418 ('savefig.jpeg_quality: 95       # when a jpeg is saved, the default quality parameter.')
You probably need to get an updated matplotlibrc file from
https://github.com/matplotlib/matplotlib/blob/v3.5.2/matplotlibrc.template
or from the matplotlib source distribution

Bad key keymap.all_axes in file /home/jusun/peng0347/anaconda3/lib/python3.7/site-packages/matplotlib/mpl-data/stylelib/_classic_test.mplstyle, line 466 ('keymap.all_axes : a                 # enable all axes')
You probably need to get an updated matplotlibrc file from
https://github.com/matplotlib/matplotlib/blob/v3.5.2/matplotlibrc.template
or from the matplotlib source distribution

Bad key animation.avconv_path in file /home/jusun/peng0347/anaconda3/lib/python3.7/site-packages/matplotlib/mpl-data/stylelib/_classic_test.mplstyle, line 477 ('animation.avconv_path: avconv     # Path to avconv binary. Without full path')
You probably need to get an updated matplotlibrc file from
https://github.com/matplotlib/matplotlib/blob/v3.5.2/matplotlibrc.template
or from the matplotlib source distribution

Bad key animation.avconv_args in file /home/jusun/peng0347/anaconda3/lib/python3.7/site-packages/matplotlib/mpl-data/stylelib/_classic_test.mplstyle, line 479 ('animation.avconv_args:            # Additional arguments to pass to avconv')
You probably need to get an updated matplotlibrc file from
https://github.com/matplotlib/matplotlib/blob/v3.5.2/matplotlibrc.template
or from the matplotlib source distribution
weights for positive classes: tensor([0.0065, 0.0393, 0.0398, 0.0853, 0.1346, 0.3110, 0.3834],
       device='cuda:0')
../checkpoints/HAM/layer_wise_slim_resnet50_imagenet_2_1/
Testing on HAM, load model from at ../checkpoints/HAM/layer_wise_slim_resnet50_imagenet_2_1/
128
../checkpoints/HAM/layer_wise_slim_resnet50_imagenet_2_1/best.pt
/home/jusun/peng0347/anaconda3/lib/python3.7/site-packages/torch/nn/functional.py:718: UserWarning: Named tensors and all their associated APIs are an experimental feature and subject to change. Please do not use them for anything important until they are released as stable. (Triggered internally at  /pytorch/c10/core/TensorImpl.h:1156.)
  return torch.max_pool2d(input, kernel_size, stride, padding, dilation, ceil_mode)
0.9555417145413114 0.908020224073026
0.4514270784749585 0.8717921617772141
0.4758845231370922 0.8738018843901196
0.5289521441061094 0.9528600451236817
0.5555572076373605 0.9597496366449435
0.7129740255406372 0.9922518497836103
0.34251398518961607 0.9276532268678981
top one accuracy: 0.6673316708229426

Bad key text.latex.preview in file /home/jusun/peng0347/anaconda3/lib/python3.7/site-packages/matplotlib/mpl-data/stylelib/_classic_test.mplstyle, line 123 ('text.latex.preview : False')
You probably need to get an updated matplotlibrc file from
https://github.com/matplotlib/matplotlib/blob/v3.5.2/matplotlibrc.template
or from the matplotlib source distribution

Bad key mathtext.fallback_to_cm in file /home/jusun/peng0347/anaconda3/lib/python3.7/site-packages/matplotlib/mpl-data/stylelib/_classic_test.mplstyle, line 155 ('mathtext.fallback_to_cm : True  # When True, use symbols from the Computer Modern')
You probably need to get an updated matplotlibrc file from
https://github.com/matplotlib/matplotlib/blob/v3.5.2/matplotlibrc.template
or from the matplotlib source distribution

Bad key savefig.jpeg_quality in file /home/jusun/peng0347/anaconda3/lib/python3.7/site-packages/matplotlib/mpl-data/stylelib/_classic_test.mplstyle, line 418 ('savefig.jpeg_quality: 95       # when a jpeg is saved, the default quality parameter.')
You probably need to get an updated matplotlibrc file from
https://github.com/matplotlib/matplotlib/blob/v3.5.2/matplotlibrc.template
or from the matplotlib source distribution

Bad key keymap.all_axes in file /home/jusun/peng0347/anaconda3/lib/python3.7/site-packages/matplotlib/mpl-data/stylelib/_classic_test.mplstyle, line 466 ('keymap.all_axes : a                 # enable all axes')
You probably need to get an updated matplotlibrc file from
https://github.com/matplotlib/matplotlib/blob/v3.5.2/matplotlibrc.template
or from the matplotlib source distribution

Bad key animation.avconv_path in file /home/jusun/peng0347/anaconda3/lib/python3.7/site-packages/matplotlib/mpl-data/stylelib/_classic_test.mplstyle, line 477 ('animation.avconv_path: avconv     # Path to avconv binary. Without full path')
You probably need to get an updated matplotlibrc file from
https://github.com/matplotlib/matplotlib/blob/v3.5.2/matplotlibrc.template
or from the matplotlib source distribution

Bad key animation.avconv_args in file /home/jusun/peng0347/anaconda3/lib/python3.7/site-packages/matplotlib/mpl-data/stylelib/_classic_test.mplstyle, line 479 ('animation.avconv_args:            # Additional arguments to pass to avconv')
You probably need to get an updated matplotlibrc file from
https://github.com/matplotlib/matplotlib/blob/v3.5.2/matplotlibrc.template
or from the matplotlib source distribution
weights for positive classes: tensor([0.0065, 0.0393, 0.0398, 0.0853, 0.1346, 0.3110, 0.3834],
       device='cuda:0')
../checkpoints/HAM/layer_wise_slim_resnet50_imagenet_3_1/
Testing on HAM, load model from at ../checkpoints/HAM/layer_wise_slim_resnet50_imagenet_3_1/
128
../checkpoints/HAM/layer_wise_slim_resnet50_imagenet_3_1/best.pt
/home/jusun/peng0347/anaconda3/lib/python3.7/site-packages/torch/nn/functional.py:718: UserWarning: Named tensors and all their associated APIs are an experimental feature and subject to change. Please do not use them for anything important until they are released as stable. (Triggered internally at  /pytorch/c10/core/TensorImpl.h:1156.)
  return torch.max_pool2d(input, kernel_size, stride, padding, dilation, ceil_mode)
0.9566856524987439 0.9099990566292013
0.4431981629498625 0.8705037419536672
0.49959340198997376 0.8755971479500892
0.603104211360874 0.9677855706308127
0.5988885389716065 0.9655398752871678
0.7224109945614918 0.9904893201172693
0.13226076901294567 0.9093142631509674
top one accuracy: 0.6643391521197007

Bad key text.latex.preview in file /home/jusun/peng0347/anaconda3/lib/python3.7/site-packages/matplotlib/mpl-data/stylelib/_classic_test.mplstyle, line 123 ('text.latex.preview : False')
You probably need to get an updated matplotlibrc file from
https://github.com/matplotlib/matplotlib/blob/v3.5.2/matplotlibrc.template
or from the matplotlib source distribution

Bad key mathtext.fallback_to_cm in file /home/jusun/peng0347/anaconda3/lib/python3.7/site-packages/matplotlib/mpl-data/stylelib/_classic_test.mplstyle, line 155 ('mathtext.fallback_to_cm : True  # When True, use symbols from the Computer Modern')
You probably need to get an updated matplotlibrc file from
https://github.com/matplotlib/matplotlib/blob/v3.5.2/matplotlibrc.template
or from the matplotlib source distribution

Bad key savefig.jpeg_quality in file /home/jusun/peng0347/anaconda3/lib/python3.7/site-packages/matplotlib/mpl-data/stylelib/_classic_test.mplstyle, line 418 ('savefig.jpeg_quality: 95       # when a jpeg is saved, the default quality parameter.')
You probably need to get an updated matplotlibrc file from
https://github.com/matplotlib/matplotlib/blob/v3.5.2/matplotlibrc.template
or from the matplotlib source distribution

Bad key keymap.all_axes in file /home/jusun/peng0347/anaconda3/lib/python3.7/site-packages/matplotlib/mpl-data/stylelib/_classic_test.mplstyle, line 466 ('keymap.all_axes : a                 # enable all axes')
You probably need to get an updated matplotlibrc file from
https://github.com/matplotlib/matplotlib/blob/v3.5.2/matplotlibrc.template
or from the matplotlib source distribution

Bad key animation.avconv_path in file /home/jusun/peng0347/anaconda3/lib/python3.7/site-packages/matplotlib/mpl-data/stylelib/_classic_test.mplstyle, line 477 ('animation.avconv_path: avconv     # Path to avconv binary. Without full path')
You probably need to get an updated matplotlibrc file from
https://github.com/matplotlib/matplotlib/blob/v3.5.2/matplotlibrc.template
or from the matplotlib source distribution

Bad key animation.avconv_args in file /home/jusun/peng0347/anaconda3/lib/python3.7/site-packages/matplotlib/mpl-data/stylelib/_classic_test.mplstyle, line 479 ('animation.avconv_args:            # Additional arguments to pass to avconv')
You probably need to get an updated matplotlibrc file from
https://github.com/matplotlib/matplotlib/blob/v3.5.2/matplotlibrc.template
or from the matplotlib source distribution
weights for positive classes: tensor([0.0065, 0.0393, 0.0398, 0.0853, 0.1346, 0.3110, 0.3834],
       device='cuda:0')
../checkpoints/HAM/layer_wise_slim_resnet50_imagenet_4_1/
Testing on HAM, load model from at ../checkpoints/HAM/layer_wise_slim_resnet50_imagenet_4_1/
128
../checkpoints/HAM/layer_wise_slim_resnet50_imagenet_4_1/best.pt
/home/jusun/peng0347/anaconda3/lib/python3.7/site-packages/torch/nn/functional.py:718: UserWarning: Named tensors and all their associated APIs are an experimental feature and subject to change. Please do not use them for anything important until they are released as stable. (Triggered internally at  /pytorch/c10/core/TensorImpl.h:1156.)
  return torch.max_pool2d(input, kernel_size, stride, padding, dilation, ceil_mode)
0.9594551459627891 0.9173090572581153
0.49118580184533567 0.8765029467570573
0.597285038476915 0.9092004074357015
0.6552222595946149 0.9702102028523885
0.6398285425494683 0.9616797161923516
0.7809376039796015 0.987540136814184
0.32535540120788575 0.9423287851533366
top one accuracy: 0.7107231920199502

Bad key text.latex.preview in file /home/jusun/peng0347/anaconda3/lib/python3.7/site-packages/matplotlib/mpl-data/stylelib/_classic_test.mplstyle, line 123 ('text.latex.preview : False')
You probably need to get an updated matplotlibrc file from
https://github.com/matplotlib/matplotlib/blob/v3.5.2/matplotlibrc.template
or from the matplotlib source distribution

Bad key mathtext.fallback_to_cm in file /home/jusun/peng0347/anaconda3/lib/python3.7/site-packages/matplotlib/mpl-data/stylelib/_classic_test.mplstyle, line 155 ('mathtext.fallback_to_cm : True  # When True, use symbols from the Computer Modern')
You probably need to get an updated matplotlibrc file from
https://github.com/matplotlib/matplotlib/blob/v3.5.2/matplotlibrc.template
or from the matplotlib source distribution

Bad key savefig.jpeg_quality in file /home/jusun/peng0347/anaconda3/lib/python3.7/site-packages/matplotlib/mpl-data/stylelib/_classic_test.mplstyle, line 418 ('savefig.jpeg_quality: 95       # when a jpeg is saved, the default quality parameter.')
You probably need to get an updated matplotlibrc file from
https://github.com/matplotlib/matplotlib/blob/v3.5.2/matplotlibrc.template
or from the matplotlib source distribution

Bad key keymap.all_axes in file /home/jusun/peng0347/anaconda3/lib/python3.7/site-packages/matplotlib/mpl-data/stylelib/_classic_test.mplstyle, line 466 ('keymap.all_axes : a                 # enable all axes')
You probably need to get an updated matplotlibrc file from
https://github.com/matplotlib/matplotlib/blob/v3.5.2/matplotlibrc.template
or from the matplotlib source distribution

Bad key animation.avconv_path in file /home/jusun/peng0347/anaconda3/lib/python3.7/site-packages/matplotlib/mpl-data/stylelib/_classic_test.mplstyle, line 477 ('animation.avconv_path: avconv     # Path to avconv binary. Without full path')
You probably need to get an updated matplotlibrc file from
https://github.com/matplotlib/matplotlib/blob/v3.5.2/matplotlibrc.template
or from the matplotlib source distribution

Bad key animation.avconv_args in file /home/jusun/peng0347/anaconda3/lib/python3.7/site-packages/matplotlib/mpl-data/stylelib/_classic_test.mplstyle, line 479 ('animation.avconv_args:            # Additional arguments to pass to avconv')
You probably need to get an updated matplotlibrc file from
https://github.com/matplotlib/matplotlib/blob/v3.5.2/matplotlibrc.template
or from the matplotlib source distribution
weights for positive classes: tensor([0.0065, 0.0393, 0.0398, 0.0853, 0.1346, 0.3110, 0.3834],
       device='cuda:0')
../checkpoints/HAM/layer_wise_slim_resnet50_imagenet_5_1/
Testing on HAM, load model from at ../checkpoints/HAM/layer_wise_slim_resnet50_imagenet_5_1/
128
../checkpoints/HAM/layer_wise_slim_resnet50_imagenet_5_1/best.pt
/home/jusun/peng0347/anaconda3/lib/python3.7/site-packages/torch/nn/functional.py:718: UserWarning: Named tensors and all their associated APIs are an experimental feature and subject to change. Please do not use them for anything important until they are released as stable. (Triggered internally at  /pytorch/c10/core/TensorImpl.h:1156.)
  return torch.max_pool2d(input, kernel_size, stride, padding, dilation, ceil_mode)
0.9632671162621396 0.9247931322605859
0.535013405001864 0.8988036820622769
0.6168543111887638 0.909118920295391
0.6860707082234666 0.9740794054291344
0.6906679614772924 0.965610202072296
0.7884815716961117 0.994625157057099
0.4049508478766128 0.9572675821524153
top one accuracy: 0.7276807980049875

Bad key text.latex.preview in file /home/jusun/peng0347/anaconda3/lib/python3.7/site-packages/matplotlib/mpl-data/stylelib/_classic_test.mplstyle, line 123 ('text.latex.preview : False')
You probably need to get an updated matplotlibrc file from
https://github.com/matplotlib/matplotlib/blob/v3.5.2/matplotlibrc.template
or from the matplotlib source distribution

Bad key mathtext.fallback_to_cm in file /home/jusun/peng0347/anaconda3/lib/python3.7/site-packages/matplotlib/mpl-data/stylelib/_classic_test.mplstyle, line 155 ('mathtext.fallback_to_cm : True  # When True, use symbols from the Computer Modern')
You probably need to get an updated matplotlibrc file from
https://github.com/matplotlib/matplotlib/blob/v3.5.2/matplotlibrc.template
or from the matplotlib source distribution

Bad key savefig.jpeg_quality in file /home/jusun/peng0347/anaconda3/lib/python3.7/site-packages/matplotlib/mpl-data/stylelib/_classic_test.mplstyle, line 418 ('savefig.jpeg_quality: 95       # when a jpeg is saved, the default quality parameter.')
You probably need to get an updated matplotlibrc file from
https://github.com/matplotlib/matplotlib/blob/v3.5.2/matplotlibrc.template
or from the matplotlib source distribution

Bad key keymap.all_axes in file /home/jusun/peng0347/anaconda3/lib/python3.7/site-packages/matplotlib/mpl-data/stylelib/_classic_test.mplstyle, line 466 ('keymap.all_axes : a                 # enable all axes')
You probably need to get an updated matplotlibrc file from
https://github.com/matplotlib/matplotlib/blob/v3.5.2/matplotlibrc.template
or from the matplotlib source distribution

Bad key animation.avconv_path in file /home/jusun/peng0347/anaconda3/lib/python3.7/site-packages/matplotlib/mpl-data/stylelib/_classic_test.mplstyle, line 477 ('animation.avconv_path: avconv     # Path to avconv binary. Without full path')
You probably need to get an updated matplotlibrc file from
https://github.com/matplotlib/matplotlib/blob/v3.5.2/matplotlibrc.template
or from the matplotlib source distribution

Bad key animation.avconv_args in file /home/jusun/peng0347/anaconda3/lib/python3.7/site-packages/matplotlib/mpl-data/stylelib/_classic_test.mplstyle, line 479 ('animation.avconv_args:            # Additional arguments to pass to avconv')
You probably need to get an updated matplotlibrc file from
https://github.com/matplotlib/matplotlib/blob/v3.5.2/matplotlibrc.template
or from the matplotlib source distribution
weights for positive classes: tensor([0.0065, 0.0393, 0.0398, 0.0853, 0.1346, 0.3110, 0.3834],
       device='cuda:0')
../checkpoints/HAM/layer_wise_slim_resnet50_imagenet_6_1/
Testing on HAM, load model from at ../checkpoints/HAM/layer_wise_slim_resnet50_imagenet_6_1/
128
../checkpoints/HAM/layer_wise_slim_resnet50_imagenet_6_1/best.pt
/home/jusun/peng0347/anaconda3/lib/python3.7/site-packages/torch/nn/functional.py:718: UserWarning: Named tensors and all their associated APIs are an experimental feature and subject to change. Please do not use them for anything important until they are released as stable. (Triggered internally at  /pytorch/c10/core/TensorImpl.h:1156.)
  return torch.max_pool2d(input, kernel_size, stride, padding, dilation, ceil_mode)
0.9658601480088007 0.9308643971860596
0.5186553348363298 0.8931869768940023
0.7082413543962144 0.9278915202444615
0.7459675835755682 0.9778720406725675
0.7020653229006313 0.9611014737368528
0.833870377909115 0.9924438084601424
0.6654462429398668 0.9762427060939762
top one accuracy: 0.741645885286783

Bad key text.latex.preview in file /home/jusun/peng0347/anaconda3/lib/python3.7/site-packages/matplotlib/mpl-data/stylelib/_classic_test.mplstyle, line 123 ('text.latex.preview : False')
You probably need to get an updated matplotlibrc file from
https://github.com/matplotlib/matplotlib/blob/v3.5.2/matplotlibrc.template
or from the matplotlib source distribution

Bad key mathtext.fallback_to_cm in file /home/jusun/peng0347/anaconda3/lib/python3.7/site-packages/matplotlib/mpl-data/stylelib/_classic_test.mplstyle, line 155 ('mathtext.fallback_to_cm : True  # When True, use symbols from the Computer Modern')
You probably need to get an updated matplotlibrc file from
https://github.com/matplotlib/matplotlib/blob/v3.5.2/matplotlibrc.template
or from the matplotlib source distribution

Bad key savefig.jpeg_quality in file /home/jusun/peng0347/anaconda3/lib/python3.7/site-packages/matplotlib/mpl-data/stylelib/_classic_test.mplstyle, line 418 ('savefig.jpeg_quality: 95       # when a jpeg is saved, the default quality parameter.')
You probably need to get an updated matplotlibrc file from
https://github.com/matplotlib/matplotlib/blob/v3.5.2/matplotlibrc.template
or from the matplotlib source distribution

Bad key keymap.all_axes in file /home/jusun/peng0347/anaconda3/lib/python3.7/site-packages/matplotlib/mpl-data/stylelib/_classic_test.mplstyle, line 466 ('keymap.all_axes : a                 # enable all axes')
You probably need to get an updated matplotlibrc file from
https://github.com/matplotlib/matplotlib/blob/v3.5.2/matplotlibrc.template
or from the matplotlib source distribution

Bad key animation.avconv_path in file /home/jusun/peng0347/anaconda3/lib/python3.7/site-packages/matplotlib/mpl-data/stylelib/_classic_test.mplstyle, line 477 ('animation.avconv_path: avconv     # Path to avconv binary. Without full path')
You probably need to get an updated matplotlibrc file from
https://github.com/matplotlib/matplotlib/blob/v3.5.2/matplotlibrc.template
or from the matplotlib source distribution

Bad key animation.avconv_args in file /home/jusun/peng0347/anaconda3/lib/python3.7/site-packages/matplotlib/mpl-data/stylelib/_classic_test.mplstyle, line 479 ('animation.avconv_args:            # Additional arguments to pass to avconv')
You probably need to get an updated matplotlibrc file from
https://github.com/matplotlib/matplotlib/blob/v3.5.2/matplotlibrc.template
or from the matplotlib source distribution
weights for positive classes: tensor([0.0065, 0.0393, 0.0398, 0.0853, 0.1346, 0.3110, 0.3834],
       device='cuda:0')
../checkpoints/HAM/layer_wise_slim_resnet50_imagenet_7_1/
Testing on HAM, load model from at ../checkpoints/HAM/layer_wise_slim_resnet50_imagenet_7_1/
128
../checkpoints/HAM/layer_wise_slim_resnet50_imagenet_7_1/best.pt
/home/jusun/peng0347/anaconda3/lib/python3.7/site-packages/torch/nn/functional.py:718: UserWarning: Named tensors and all their associated APIs are an experimental feature and subject to change. Please do not use them for anything important until they are released as stable. (Triggered internally at  /pytorch/c10/core/TensorImpl.h:1156.)
  return torch.max_pool2d(input, kernel_size, stride, padding, dilation, ceil_mode)
0.9673488022584344 0.932626479070645
0.535363541463887 0.8899785095599745
0.6451716601702808 0.9228851540616247
0.7023369304096851 0.973910957295846
0.7163454626449696 0.9749949208432962
0.792027574597456 0.970961887477314
0.4360723521104752 0.9467160970473392
top one accuracy: 0.7351620947630922

Bad key text.latex.preview in file /home/jusun/peng0347/anaconda3/lib/python3.7/site-packages/matplotlib/mpl-data/stylelib/_classic_test.mplstyle, line 123 ('text.latex.preview : False')
You probably need to get an updated matplotlibrc file from
https://github.com/matplotlib/matplotlib/blob/v3.5.2/matplotlibrc.template
or from the matplotlib source distribution

Bad key mathtext.fallback_to_cm in file /home/jusun/peng0347/anaconda3/lib/python3.7/site-packages/matplotlib/mpl-data/stylelib/_classic_test.mplstyle, line 155 ('mathtext.fallback_to_cm : True  # When True, use symbols from the Computer Modern')
You probably need to get an updated matplotlibrc file from
https://github.com/matplotlib/matplotlib/blob/v3.5.2/matplotlibrc.template
or from the matplotlib source distribution

Bad key savefig.jpeg_quality in file /home/jusun/peng0347/anaconda3/lib/python3.7/site-packages/matplotlib/mpl-data/stylelib/_classic_test.mplstyle, line 418 ('savefig.jpeg_quality: 95       # when a jpeg is saved, the default quality parameter.')
You probably need to get an updated matplotlibrc file from
https://github.com/matplotlib/matplotlib/blob/v3.5.2/matplotlibrc.template
or from the matplotlib source distribution

Bad key keymap.all_axes in file /home/jusun/peng0347/anaconda3/lib/python3.7/site-packages/matplotlib/mpl-data/stylelib/_classic_test.mplstyle, line 466 ('keymap.all_axes : a                 # enable all axes')
You probably need to get an updated matplotlibrc file from
https://github.com/matplotlib/matplotlib/blob/v3.5.2/matplotlibrc.template
or from the matplotlib source distribution

Bad key animation.avconv_path in file /home/jusun/peng0347/anaconda3/lib/python3.7/site-packages/matplotlib/mpl-data/stylelib/_classic_test.mplstyle, line 477 ('animation.avconv_path: avconv     # Path to avconv binary. Without full path')
You probably need to get an updated matplotlibrc file from
https://github.com/matplotlib/matplotlib/blob/v3.5.2/matplotlibrc.template
or from the matplotlib source distribution

Bad key animation.avconv_args in file /home/jusun/peng0347/anaconda3/lib/python3.7/site-packages/matplotlib/mpl-data/stylelib/_classic_test.mplstyle, line 479 ('animation.avconv_args:            # Additional arguments to pass to avconv')
You probably need to get an updated matplotlibrc file from
https://github.com/matplotlib/matplotlib/blob/v3.5.2/matplotlibrc.template
or from the matplotlib source distribution
weights for positive classes: tensor([0.0065, 0.0393, 0.0398, 0.0853, 0.1346, 0.3110, 0.3834],
       device='cuda:0')
../checkpoints/HAM/layer_wise_slim_resnet50_imagenet_8_1/
Testing on HAM, load model from at ../checkpoints/HAM/layer_wise_slim_resnet50_imagenet_8_1/
128
../checkpoints/HAM/layer_wise_slim_resnet50_imagenet_8_1/best.pt
/home/jusun/peng0347/anaconda3/lib/python3.7/site-packages/torch/nn/functional.py:718: UserWarning: Named tensors and all their associated APIs are an experimental feature and subject to change. Please do not use them for anything important until they are released as stable. (Triggered internally at  /pytorch/c10/core/TensorImpl.h:1156.)
  return torch.max_pool2d(input, kernel_size, stride, padding, dilation, ceil_mode)
0.9775025236027176 0.9548653225878906
0.6273714580003704 0.9155355246536114
0.7628942433849208 0.9574433409727527
0.8197740222074765 0.9853399079150205
0.8156697461394479 0.9790504321190241
0.9076649228675159 0.9972078737958955
0.7645655428600915 0.994844908524547
top one accuracy: 0.8129675810473815

Bad key text.latex.preview in file /home/jusun/peng0347/anaconda3/lib/python3.7/site-packages/matplotlib/mpl-data/stylelib/_classic_test.mplstyle, line 123 ('text.latex.preview : False')
You probably need to get an updated matplotlibrc file from
https://github.com/matplotlib/matplotlib/blob/v3.5.2/matplotlibrc.template
or from the matplotlib source distribution

Bad key mathtext.fallback_to_cm in file /home/jusun/peng0347/anaconda3/lib/python3.7/site-packages/matplotlib/mpl-data/stylelib/_classic_test.mplstyle, line 155 ('mathtext.fallback_to_cm : True  # When True, use symbols from the Computer Modern')
You probably need to get an updated matplotlibrc file from
https://github.com/matplotlib/matplotlib/blob/v3.5.2/matplotlibrc.template
or from the matplotlib source distribution

Bad key savefig.jpeg_quality in file /home/jusun/peng0347/anaconda3/lib/python3.7/site-packages/matplotlib/mpl-data/stylelib/_classic_test.mplstyle, line 418 ('savefig.jpeg_quality: 95       # when a jpeg is saved, the default quality parameter.')
You probably need to get an updated matplotlibrc file from
https://github.com/matplotlib/matplotlib/blob/v3.5.2/matplotlibrc.template
or from the matplotlib source distribution

Bad key keymap.all_axes in file /home/jusun/peng0347/anaconda3/lib/python3.7/site-packages/matplotlib/mpl-data/stylelib/_classic_test.mplstyle, line 466 ('keymap.all_axes : a                 # enable all axes')
You probably need to get an updated matplotlibrc file from
https://github.com/matplotlib/matplotlib/blob/v3.5.2/matplotlibrc.template
or from the matplotlib source distribution

Bad key animation.avconv_path in file /home/jusun/peng0347/anaconda3/lib/python3.7/site-packages/matplotlib/mpl-data/stylelib/_classic_test.mplstyle, line 477 ('animation.avconv_path: avconv     # Path to avconv binary. Without full path')
You probably need to get an updated matplotlibrc file from
https://github.com/matplotlib/matplotlib/blob/v3.5.2/matplotlibrc.template
or from the matplotlib source distribution

Bad key animation.avconv_args in file /home/jusun/peng0347/anaconda3/lib/python3.7/site-packages/matplotlib/mpl-data/stylelib/_classic_test.mplstyle, line 479 ('animation.avconv_args:            # Additional arguments to pass to avconv')
You probably need to get an updated matplotlibrc file from
https://github.com/matplotlib/matplotlib/blob/v3.5.2/matplotlibrc.template
or from the matplotlib source distribution
weights for positive classes: tensor([0.0065, 0.0393, 0.0398, 0.0853, 0.1346, 0.3110, 0.3834],
       device='cuda:0')
../checkpoints/HAM/layer_wise_slim_resnet50_imagenet_9_1/
Testing on HAM, load model from at ../checkpoints/HAM/layer_wise_slim_resnet50_imagenet_9_1/
128
../checkpoints/HAM/layer_wise_slim_resnet50_imagenet_9_1/best.pt
/home/jusun/peng0347/anaconda3/lib/python3.7/site-packages/torch/nn/functional.py:718: UserWarning: Named tensors and all their associated APIs are an experimental feature and subject to change. Please do not use them for anything important until they are released as stable. (Triggered internally at  /pytorch/c10/core/TensorImpl.h:1156.)
  return torch.max_pool2d(input, kernel_size, stride, padding, dilation, ceil_mode)
0.9794252278627261 0.9578526634502216
0.6837982049902745 0.9232308133653424
0.7886768105617904 0.9614056531703591
0.8121241480529825 0.9854879380927588
0.8188472355316764 0.9650085173550877
0.9121458168606339 0.9979233561356973
0.7985618038996037 0.9937700171105164
top one accuracy: 0.8314214463840399

Bad key text.latex.preview in file /home/jusun/peng0347/anaconda3/lib/python3.7/site-packages/matplotlib/mpl-data/stylelib/_classic_test.mplstyle, line 123 ('text.latex.preview : False')
You probably need to get an updated matplotlibrc file from
https://github.com/matplotlib/matplotlib/blob/v3.5.2/matplotlibrc.template
or from the matplotlib source distribution

Bad key mathtext.fallback_to_cm in file /home/jusun/peng0347/anaconda3/lib/python3.7/site-packages/matplotlib/mpl-data/stylelib/_classic_test.mplstyle, line 155 ('mathtext.fallback_to_cm : True  # When True, use symbols from the Computer Modern')
You probably need to get an updated matplotlibrc file from
https://github.com/matplotlib/matplotlib/blob/v3.5.2/matplotlibrc.template
or from the matplotlib source distribution

Bad key savefig.jpeg_quality in file /home/jusun/peng0347/anaconda3/lib/python3.7/site-packages/matplotlib/mpl-data/stylelib/_classic_test.mplstyle, line 418 ('savefig.jpeg_quality: 95       # when a jpeg is saved, the default quality parameter.')
You probably need to get an updated matplotlibrc file from
https://github.com/matplotlib/matplotlib/blob/v3.5.2/matplotlibrc.template
or from the matplotlib source distribution

Bad key keymap.all_axes in file /home/jusun/peng0347/anaconda3/lib/python3.7/site-packages/matplotlib/mpl-data/stylelib/_classic_test.mplstyle, line 466 ('keymap.all_axes : a                 # enable all axes')
You probably need to get an updated matplotlibrc file from
https://github.com/matplotlib/matplotlib/blob/v3.5.2/matplotlibrc.template
or from the matplotlib source distribution

Bad key animation.avconv_path in file /home/jusun/peng0347/anaconda3/lib/python3.7/site-packages/matplotlib/mpl-data/stylelib/_classic_test.mplstyle, line 477 ('animation.avconv_path: avconv     # Path to avconv binary. Without full path')
You probably need to get an updated matplotlibrc file from
https://github.com/matplotlib/matplotlib/blob/v3.5.2/matplotlibrc.template
or from the matplotlib source distribution

Bad key animation.avconv_args in file /home/jusun/peng0347/anaconda3/lib/python3.7/site-packages/matplotlib/mpl-data/stylelib/_classic_test.mplstyle, line 479 ('animation.avconv_args:            # Additional arguments to pass to avconv')
You probably need to get an updated matplotlibrc file from
https://github.com/matplotlib/matplotlib/blob/v3.5.2/matplotlibrc.template
or from the matplotlib source distribution
weights for positive classes: tensor([0.0065, 0.0393, 0.0398, 0.0853, 0.1346, 0.3110, 0.3834],
       device='cuda:0')
../checkpoints/HAM/layer_wise_slim_resnet50_imagenet_10_1/
Testing on HAM, load model from at ../checkpoints/HAM/layer_wise_slim_resnet50_imagenet_10_1/
128
../checkpoints/HAM/layer_wise_slim_resnet50_imagenet_10_1/best.pt
/home/jusun/peng0347/anaconda3/lib/python3.7/site-packages/torch/nn/functional.py:718: UserWarning: Named tensors and all their associated APIs are an experimental feature and subject to change. Please do not use them for anything important until they are released as stable. (Triggered internally at  /pytorch/c10/core/TensorImpl.h:1156.)
  return torch.max_pool2d(input, kernel_size, stride, padding, dilation, ceil_mode)
0.980315693561336 0.9614722873597297
0.7315520331078034 0.942718163196489
0.7910701949071316 0.9609880315762669
0.8732988802712884 0.9844925627596908
0.8873265822094548 0.9878256520855799
0.897232301830865 0.9922169482060589
0.8136539604730655 0.9962707848900978
top one accuracy: 0.856857855361596

Bad key text.latex.preview in file /home/jusun/peng0347/anaconda3/lib/python3.7/site-packages/matplotlib/mpl-data/stylelib/_classic_test.mplstyle, line 123 ('text.latex.preview : False')
You probably need to get an updated matplotlibrc file from
https://github.com/matplotlib/matplotlib/blob/v3.5.2/matplotlibrc.template
or from the matplotlib source distribution

Bad key mathtext.fallback_to_cm in file /home/jusun/peng0347/anaconda3/lib/python3.7/site-packages/matplotlib/mpl-data/stylelib/_classic_test.mplstyle, line 155 ('mathtext.fallback_to_cm : True  # When True, use symbols from the Computer Modern')
You probably need to get an updated matplotlibrc file from
https://github.com/matplotlib/matplotlib/blob/v3.5.2/matplotlibrc.template
or from the matplotlib source distribution

Bad key savefig.jpeg_quality in file /home/jusun/peng0347/anaconda3/lib/python3.7/site-packages/matplotlib/mpl-data/stylelib/_classic_test.mplstyle, line 418 ('savefig.jpeg_quality: 95       # when a jpeg is saved, the default quality parameter.')
You probably need to get an updated matplotlibrc file from
https://github.com/matplotlib/matplotlib/blob/v3.5.2/matplotlibrc.template
or from the matplotlib source distribution

Bad key keymap.all_axes in file /home/jusun/peng0347/anaconda3/lib/python3.7/site-packages/matplotlib/mpl-data/stylelib/_classic_test.mplstyle, line 466 ('keymap.all_axes : a                 # enable all axes')
You probably need to get an updated matplotlibrc file from
https://github.com/matplotlib/matplotlib/blob/v3.5.2/matplotlibrc.template
or from the matplotlib source distribution

Bad key animation.avconv_path in file /home/jusun/peng0347/anaconda3/lib/python3.7/site-packages/matplotlib/mpl-data/stylelib/_classic_test.mplstyle, line 477 ('animation.avconv_path: avconv     # Path to avconv binary. Without full path')
You probably need to get an updated matplotlibrc file from
https://github.com/matplotlib/matplotlib/blob/v3.5.2/matplotlibrc.template
or from the matplotlib source distribution

Bad key animation.avconv_args in file /home/jusun/peng0347/anaconda3/lib/python3.7/site-packages/matplotlib/mpl-data/stylelib/_classic_test.mplstyle, line 479 ('animation.avconv_args:            # Additional arguments to pass to avconv')
You probably need to get an updated matplotlibrc file from
https://github.com/matplotlib/matplotlib/blob/v3.5.2/matplotlibrc.template
or from the matplotlib source distribution
weights for positive classes: tensor([0.0065, 0.0393, 0.0398, 0.0853, 0.1346, 0.3110, 0.3834],
       device='cuda:0')
../checkpoints/HAM/layer_wise_slim_resnet50_imagenet_11_1/
Testing on HAM, load model from at ../checkpoints/HAM/layer_wise_slim_resnet50_imagenet_11_1/
128
../checkpoints/HAM/layer_wise_slim_resnet50_imagenet_11_1/best.pt
/home/jusun/peng0347/anaconda3/lib/python3.7/site-packages/torch/nn/functional.py:718: UserWarning: Named tensors and all their associated APIs are an experimental feature and subject to change. Please do not use them for anything important until they are released as stable. (Triggered internally at  /pytorch/c10/core/TensorImpl.h:1156.)
  return torch.max_pool2d(input, kernel_size, stride, padding, dilation, ceil_mode)
0.9797338793631426 0.9623830894045982
0.7224100087591391 0.9359313111181572
0.8552626528981022 0.9702266361089891
0.8429456311650678 0.9845257419374599
0.8279479475493252 0.9788941503742948
0.883087731600704 0.9947822141560799
0.9369625539785734 0.998179265563989
top one accuracy: 0.8718204488778055

Bad key text.latex.preview in file /home/jusun/peng0347/anaconda3/lib/python3.7/site-packages/matplotlib/mpl-data/stylelib/_classic_test.mplstyle, line 123 ('text.latex.preview : False')
You probably need to get an updated matplotlibrc file from
https://github.com/matplotlib/matplotlib/blob/v3.5.2/matplotlibrc.template
or from the matplotlib source distribution

Bad key mathtext.fallback_to_cm in file /home/jusun/peng0347/anaconda3/lib/python3.7/site-packages/matplotlib/mpl-data/stylelib/_classic_test.mplstyle, line 155 ('mathtext.fallback_to_cm : True  # When True, use symbols from the Computer Modern')
You probably need to get an updated matplotlibrc file from
https://github.com/matplotlib/matplotlib/blob/v3.5.2/matplotlibrc.template
or from the matplotlib source distribution

Bad key savefig.jpeg_quality in file /home/jusun/peng0347/anaconda3/lib/python3.7/site-packages/matplotlib/mpl-data/stylelib/_classic_test.mplstyle, line 418 ('savefig.jpeg_quality: 95       # when a jpeg is saved, the default quality parameter.')
You probably need to get an updated matplotlibrc file from
https://github.com/matplotlib/matplotlib/blob/v3.5.2/matplotlibrc.template
or from the matplotlib source distribution

Bad key keymap.all_axes in file /home/jusun/peng0347/anaconda3/lib/python3.7/site-packages/matplotlib/mpl-data/stylelib/_classic_test.mplstyle, line 466 ('keymap.all_axes : a                 # enable all axes')
You probably need to get an updated matplotlibrc file from
https://github.com/matplotlib/matplotlib/blob/v3.5.2/matplotlibrc.template
or from the matplotlib source distribution

Bad key animation.avconv_path in file /home/jusun/peng0347/anaconda3/lib/python3.7/site-packages/matplotlib/mpl-data/stylelib/_classic_test.mplstyle, line 477 ('animation.avconv_path: avconv     # Path to avconv binary. Without full path')
You probably need to get an updated matplotlibrc file from
https://github.com/matplotlib/matplotlib/blob/v3.5.2/matplotlibrc.template
or from the matplotlib source distribution

Bad key animation.avconv_args in file /home/jusun/peng0347/anaconda3/lib/python3.7/site-packages/matplotlib/mpl-data/stylelib/_classic_test.mplstyle, line 479 ('animation.avconv_args:            # Additional arguments to pass to avconv')
You probably need to get an updated matplotlibrc file from
https://github.com/matplotlib/matplotlib/blob/v3.5.2/matplotlibrc.template
or from the matplotlib source distribution
weights for positive classes: tensor([0.0065, 0.0393, 0.0398, 0.0853, 0.1346, 0.3110, 0.3834],
       device='cuda:0')
../checkpoints/HAM/layer_wise_slim_resnet50_imagenet_12_1/
Testing on HAM, load model from at ../checkpoints/HAM/layer_wise_slim_resnet50_imagenet_12_1/
128
../checkpoints/HAM/layer_wise_slim_resnet50_imagenet_12_1/best.pt
/home/jusun/peng0347/anaconda3/lib/python3.7/site-packages/torch/nn/functional.py:718: UserWarning: Named tensors and all their associated APIs are an experimental feature and subject to change. Please do not use them for anything important until they are released as stable. (Triggered internally at  /pytorch/c10/core/TensorImpl.h:1156.)
  return torch.max_pool2d(input, kernel_size, stride, padding, dilation, ceil_mode)
0.9800347616079094 0.9617564216597936
0.7122505103460101 0.9381256511301354
0.8243470593099895 0.9672498090145148
0.8604447145980563 0.9890355578695904
0.800816344370287 0.9653679653679653
0.9015343979422038 0.9923565545162641
0.8682753136524031 0.991269249330935
top one accuracy: 0.8493765586034913

Bad key text.latex.preview in file /home/jusun/peng0347/anaconda3/lib/python3.7/site-packages/matplotlib/mpl-data/stylelib/_classic_test.mplstyle, line 123 ('text.latex.preview : False')
You probably need to get an updated matplotlibrc file from
https://github.com/matplotlib/matplotlib/blob/v3.5.2/matplotlibrc.template
or from the matplotlib source distribution

Bad key mathtext.fallback_to_cm in file /home/jusun/peng0347/anaconda3/lib/python3.7/site-packages/matplotlib/mpl-data/stylelib/_classic_test.mplstyle, line 155 ('mathtext.fallback_to_cm : True  # When True, use symbols from the Computer Modern')
You probably need to get an updated matplotlibrc file from
https://github.com/matplotlib/matplotlib/blob/v3.5.2/matplotlibrc.template
or from the matplotlib source distribution

Bad key savefig.jpeg_quality in file /home/jusun/peng0347/anaconda3/lib/python3.7/site-packages/matplotlib/mpl-data/stylelib/_classic_test.mplstyle, line 418 ('savefig.jpeg_quality: 95       # when a jpeg is saved, the default quality parameter.')
You probably need to get an updated matplotlibrc file from
https://github.com/matplotlib/matplotlib/blob/v3.5.2/matplotlibrc.template
or from the matplotlib source distribution

Bad key keymap.all_axes in file /home/jusun/peng0347/anaconda3/lib/python3.7/site-packages/matplotlib/mpl-data/stylelib/_classic_test.mplstyle, line 466 ('keymap.all_axes : a                 # enable all axes')
You probably need to get an updated matplotlibrc file from
https://github.com/matplotlib/matplotlib/blob/v3.5.2/matplotlibrc.template
or from the matplotlib source distribution

Bad key animation.avconv_path in file /home/jusun/peng0347/anaconda3/lib/python3.7/site-packages/matplotlib/mpl-data/stylelib/_classic_test.mplstyle, line 477 ('animation.avconv_path: avconv     # Path to avconv binary. Without full path')
You probably need to get an updated matplotlibrc file from
https://github.com/matplotlib/matplotlib/blob/v3.5.2/matplotlibrc.template
or from the matplotlib source distribution

Bad key animation.avconv_args in file /home/jusun/peng0347/anaconda3/lib/python3.7/site-packages/matplotlib/mpl-data/stylelib/_classic_test.mplstyle, line 479 ('animation.avconv_args:            # Additional arguments to pass to avconv')
You probably need to get an updated matplotlibrc file from
https://github.com/matplotlib/matplotlib/blob/v3.5.2/matplotlibrc.template
or from the matplotlib source distribution
weights for positive classes: tensor([0.0065, 0.0393, 0.0398, 0.0853, 0.1346, 0.3110, 0.3834],
       device='cuda:0')
../checkpoints/HAM/layer_wise_slim_resnet50_imagenet_13_1/
Testing on HAM, load model from at ../checkpoints/HAM/layer_wise_slim_resnet50_imagenet_13_1/
128
../checkpoints/HAM/layer_wise_slim_resnet50_imagenet_13_1/best.pt
/home/jusun/peng0347/anaconda3/lib/python3.7/site-packages/torch/nn/functional.py:718: UserWarning: Named tensors and all their associated APIs are an experimental feature and subject to change. Please do not use them for anything important until they are released as stable. (Triggered internally at  /pytorch/c10/core/TensorImpl.h:1156.)
  return torch.max_pool2d(input, kernel_size, stride, padding, dilation, ceil_mode)
0.9816486233457375 0.9669831451083977
0.7531952014449994 0.9462562848213073
0.8407895489116446 0.9607843137254902
0.8427872082078542 0.9793217155166253
0.8320777286672941 0.9699626486630096
0.9569925509071555 0.9993543208153008
0.8968651811736413 0.9981134558855789
top one accuracy: 0.8698254364089776

Bad key text.latex.preview in file /home/jusun/peng0347/anaconda3/lib/python3.7/site-packages/matplotlib/mpl-data/stylelib/_classic_test.mplstyle, line 123 ('text.latex.preview : False')
You probably need to get an updated matplotlibrc file from
https://github.com/matplotlib/matplotlib/blob/v3.5.2/matplotlibrc.template
or from the matplotlib source distribution

Bad key mathtext.fallback_to_cm in file /home/jusun/peng0347/anaconda3/lib/python3.7/site-packages/matplotlib/mpl-data/stylelib/_classic_test.mplstyle, line 155 ('mathtext.fallback_to_cm : True  # When True, use symbols from the Computer Modern')
You probably need to get an updated matplotlibrc file from
https://github.com/matplotlib/matplotlib/blob/v3.5.2/matplotlibrc.template
or from the matplotlib source distribution

Bad key savefig.jpeg_quality in file /home/jusun/peng0347/anaconda3/lib/python3.7/site-packages/matplotlib/mpl-data/stylelib/_classic_test.mplstyle, line 418 ('savefig.jpeg_quality: 95       # when a jpeg is saved, the default quality parameter.')
You probably need to get an updated matplotlibrc file from
https://github.com/matplotlib/matplotlib/blob/v3.5.2/matplotlibrc.template
or from the matplotlib source distribution

Bad key keymap.all_axes in file /home/jusun/peng0347/anaconda3/lib/python3.7/site-packages/matplotlib/mpl-data/stylelib/_classic_test.mplstyle, line 466 ('keymap.all_axes : a                 # enable all axes')
You probably need to get an updated matplotlibrc file from
https://github.com/matplotlib/matplotlib/blob/v3.5.2/matplotlibrc.template
or from the matplotlib source distribution

Bad key animation.avconv_path in file /home/jusun/peng0347/anaconda3/lib/python3.7/site-packages/matplotlib/mpl-data/stylelib/_classic_test.mplstyle, line 477 ('animation.avconv_path: avconv     # Path to avconv binary. Without full path')
You probably need to get an updated matplotlibrc file from
https://github.com/matplotlib/matplotlib/blob/v3.5.2/matplotlibrc.template
or from the matplotlib source distribution

Bad key animation.avconv_args in file /home/jusun/peng0347/anaconda3/lib/python3.7/site-packages/matplotlib/mpl-data/stylelib/_classic_test.mplstyle, line 479 ('animation.avconv_args:            # Additional arguments to pass to avconv')
You probably need to get an updated matplotlibrc file from
https://github.com/matplotlib/matplotlib/blob/v3.5.2/matplotlibrc.template
or from the matplotlib source distribution
weights for positive classes: tensor([0.0065, 0.0393, 0.0398, 0.0853, 0.1346, 0.3110, 0.3834],
       device='cuda:0')
../checkpoints/HAM/layer_wise_slim_resnet50_imagenet_14_1/
Testing on HAM, load model from at ../checkpoints/HAM/layer_wise_slim_resnet50_imagenet_14_1/
128
../checkpoints/HAM/layer_wise_slim_resnet50_imagenet_14_1/best.pt
/home/jusun/peng0347/anaconda3/lib/python3.7/site-packages/torch/nn/functional.py:718: UserWarning: Named tensors and all their associated APIs are an experimental feature and subject to change. Please do not use them for anything important until they are released as stable. (Triggered internally at  /pytorch/c10/core/TensorImpl.h:1156.)
  return torch.max_pool2d(input, kernel_size, stride, padding, dilation, ceil_mode)
0.9813006355627547 0.9708133428568861
0.7905660511594595 0.949205558323645
0.8817063341234846 0.974881588999236
0.9037997474519311 0.9881524812920482
0.8962798320115472 0.9916545548314502
0.9411252979855622 0.9971031690632417
0.9275561059676134 0.9986399333128592
top one accuracy: 0.8977556109725686

Bad key text.latex.preview in file /home/jusun/peng0347/anaconda3/lib/python3.7/site-packages/matplotlib/mpl-data/stylelib/_classic_test.mplstyle, line 123 ('text.latex.preview : False')
You probably need to get an updated matplotlibrc file from
https://github.com/matplotlib/matplotlib/blob/v3.5.2/matplotlibrc.template
or from the matplotlib source distribution

Bad key mathtext.fallback_to_cm in file /home/jusun/peng0347/anaconda3/lib/python3.7/site-packages/matplotlib/mpl-data/stylelib/_classic_test.mplstyle, line 155 ('mathtext.fallback_to_cm : True  # When True, use symbols from the Computer Modern')
You probably need to get an updated matplotlibrc file from
https://github.com/matplotlib/matplotlib/blob/v3.5.2/matplotlibrc.template
or from the matplotlib source distribution

Bad key savefig.jpeg_quality in file /home/jusun/peng0347/anaconda3/lib/python3.7/site-packages/matplotlib/mpl-data/stylelib/_classic_test.mplstyle, line 418 ('savefig.jpeg_quality: 95       # when a jpeg is saved, the default quality parameter.')
You probably need to get an updated matplotlibrc file from
https://github.com/matplotlib/matplotlib/blob/v3.5.2/matplotlibrc.template
or from the matplotlib source distribution

Bad key keymap.all_axes in file /home/jusun/peng0347/anaconda3/lib/python3.7/site-packages/matplotlib/mpl-data/stylelib/_classic_test.mplstyle, line 466 ('keymap.all_axes : a                 # enable all axes')
You probably need to get an updated matplotlibrc file from
https://github.com/matplotlib/matplotlib/blob/v3.5.2/matplotlibrc.template
or from the matplotlib source distribution

Bad key animation.avconv_path in file /home/jusun/peng0347/anaconda3/lib/python3.7/site-packages/matplotlib/mpl-data/stylelib/_classic_test.mplstyle, line 477 ('animation.avconv_path: avconv     # Path to avconv binary. Without full path')
You probably need to get an updated matplotlibrc file from
https://github.com/matplotlib/matplotlib/blob/v3.5.2/matplotlibrc.template
or from the matplotlib source distribution

Bad key animation.avconv_args in file /home/jusun/peng0347/anaconda3/lib/python3.7/site-packages/matplotlib/mpl-data/stylelib/_classic_test.mplstyle, line 479 ('animation.avconv_args:            # Additional arguments to pass to avconv')
You probably need to get an updated matplotlibrc file from
https://github.com/matplotlib/matplotlib/blob/v3.5.2/matplotlibrc.template
or from the matplotlib source distribution
weights for positive classes: tensor([0.0065, 0.0393, 0.0398, 0.0853, 0.1346, 0.3110, 0.3834],
       device='cuda:0')
../checkpoints/HAM/layer_wise_slim_resnet50_imagenet_15_1/
Testing on HAM, load model from at ../checkpoints/HAM/layer_wise_slim_resnet50_imagenet_15_1/
128
../checkpoints/HAM/layer_wise_slim_resnet50_imagenet_15_1/best.pt
/home/jusun/peng0347/anaconda3/lib/python3.7/site-packages/torch/nn/functional.py:718: UserWarning: Named tensors and all their associated APIs are an experimental feature and subject to change. Please do not use them for anything important until they are released as stable. (Triggered internally at  /pytorch/c10/core/TensorImpl.h:1156.)
  return torch.max_pool2d(input, kernel_size, stride, padding, dilation, ceil_mode)
0.9825794945887507 0.9738164065658608
0.8049571040735958 0.958599447388685
0.9088350046384297 0.9764094728800611
0.9396944434977105 0.993828672934979
0.8737943260901416 0.9867863784831294
0.9445168388205751 0.9972776769509981
0.9262012288982524 0.9985741236344492
top one accuracy: 0.9057356608478803

Bad key text.latex.preview in file /home/jusun/peng0347/anaconda3/lib/python3.7/site-packages/matplotlib/mpl-data/stylelib/_classic_test.mplstyle, line 123 ('text.latex.preview : False')
You probably need to get an updated matplotlibrc file from
https://github.com/matplotlib/matplotlib/blob/v3.5.2/matplotlibrc.template
or from the matplotlib source distribution

Bad key mathtext.fallback_to_cm in file /home/jusun/peng0347/anaconda3/lib/python3.7/site-packages/matplotlib/mpl-data/stylelib/_classic_test.mplstyle, line 155 ('mathtext.fallback_to_cm : True  # When True, use symbols from the Computer Modern')
You probably need to get an updated matplotlibrc file from
https://github.com/matplotlib/matplotlib/blob/v3.5.2/matplotlibrc.template
or from the matplotlib source distribution

Bad key savefig.jpeg_quality in file /home/jusun/peng0347/anaconda3/lib/python3.7/site-packages/matplotlib/mpl-data/stylelib/_classic_test.mplstyle, line 418 ('savefig.jpeg_quality: 95       # when a jpeg is saved, the default quality parameter.')
You probably need to get an updated matplotlibrc file from
https://github.com/matplotlib/matplotlib/blob/v3.5.2/matplotlibrc.template
or from the matplotlib source distribution

Bad key keymap.all_axes in file /home/jusun/peng0347/anaconda3/lib/python3.7/site-packages/matplotlib/mpl-data/stylelib/_classic_test.mplstyle, line 466 ('keymap.all_axes : a                 # enable all axes')
You probably need to get an updated matplotlibrc file from
https://github.com/matplotlib/matplotlib/blob/v3.5.2/matplotlibrc.template
or from the matplotlib source distribution

Bad key animation.avconv_path in file /home/jusun/peng0347/anaconda3/lib/python3.7/site-packages/matplotlib/mpl-data/stylelib/_classic_test.mplstyle, line 477 ('animation.avconv_path: avconv     # Path to avconv binary. Without full path')
You probably need to get an updated matplotlibrc file from
https://github.com/matplotlib/matplotlib/blob/v3.5.2/matplotlibrc.template
or from the matplotlib source distribution

Bad key animation.avconv_args in file /home/jusun/peng0347/anaconda3/lib/python3.7/site-packages/matplotlib/mpl-data/stylelib/_classic_test.mplstyle, line 479 ('animation.avconv_args:            # Additional arguments to pass to avconv')
You probably need to get an updated matplotlibrc file from
https://github.com/matplotlib/matplotlib/blob/v3.5.2/matplotlibrc.template
or from the matplotlib source distribution
weights for positive classes: tensor([0.0065, 0.0393, 0.0398, 0.0853, 0.1346, 0.3110, 0.3834],
       device='cuda:0')
../checkpoints/HAM/layer_wise_slim_resnet50_imagenet_16_1/
Testing on HAM, load model from at ../checkpoints/HAM/layer_wise_slim_resnet50_imagenet_16_1/
128
../checkpoints/HAM/layer_wise_slim_resnet50_imagenet_16_1/best.pt
/home/jusun/peng0347/anaconda3/lib/python3.7/site-packages/torch/nn/functional.py:718: UserWarning: Named tensors and all their associated APIs are an experimental feature and subject to change. Please do not use them for anything important until they are released as stable. (Triggered internally at  /pytorch/c10/core/TensorImpl.h:1156.)
  return torch.max_pool2d(input, kernel_size, stride, padding, dilation, ceil_mode)
0.9802633300458243 0.9675733133877793
0.7736488517013757 0.9446457600418736
0.8855167086667116 0.9747848230201172
0.9275200223384901 0.9949976008902228
0.8715283714588885 0.9754793942519574
0.948966541031008 0.9983072734887617
0.9205180542658649 0.9982670118018689
top one accuracy: 0.8877805486284289

Bad key text.latex.preview in file /home/jusun/peng0347/anaconda3/lib/python3.7/site-packages/matplotlib/mpl-data/stylelib/_classic_test.mplstyle, line 123 ('text.latex.preview : False')
You probably need to get an updated matplotlibrc file from
https://github.com/matplotlib/matplotlib/blob/v3.5.2/matplotlibrc.template
or from the matplotlib source distribution

Bad key mathtext.fallback_to_cm in file /home/jusun/peng0347/anaconda3/lib/python3.7/site-packages/matplotlib/mpl-data/stylelib/_classic_test.mplstyle, line 155 ('mathtext.fallback_to_cm : True  # When True, use symbols from the Computer Modern')
You probably need to get an updated matplotlibrc file from
https://github.com/matplotlib/matplotlib/blob/v3.5.2/matplotlibrc.template
or from the matplotlib source distribution

Bad key savefig.jpeg_quality in file /home/jusun/peng0347/anaconda3/lib/python3.7/site-packages/matplotlib/mpl-data/stylelib/_classic_test.mplstyle, line 418 ('savefig.jpeg_quality: 95       # when a jpeg is saved, the default quality parameter.')
You probably need to get an updated matplotlibrc file from
https://github.com/matplotlib/matplotlib/blob/v3.5.2/matplotlibrc.template
or from the matplotlib source distribution

Bad key keymap.all_axes in file /home/jusun/peng0347/anaconda3/lib/python3.7/site-packages/matplotlib/mpl-data/stylelib/_classic_test.mplstyle, line 466 ('keymap.all_axes : a                 # enable all axes')
You probably need to get an updated matplotlibrc file from
https://github.com/matplotlib/matplotlib/blob/v3.5.2/matplotlibrc.template
or from the matplotlib source distribution

Bad key animation.avconv_path in file /home/jusun/peng0347/anaconda3/lib/python3.7/site-packages/matplotlib/mpl-data/stylelib/_classic_test.mplstyle, line 477 ('animation.avconv_path: avconv     # Path to avconv binary. Without full path')
You probably need to get an updated matplotlibrc file from
https://github.com/matplotlib/matplotlib/blob/v3.5.2/matplotlibrc.template
or from the matplotlib source distribution

Bad key animation.avconv_args in file /home/jusun/peng0347/anaconda3/lib/python3.7/site-packages/matplotlib/mpl-data/stylelib/_classic_test.mplstyle, line 479 ('animation.avconv_args:            # Additional arguments to pass to avconv')
You probably need to get an updated matplotlibrc file from
https://github.com/matplotlib/matplotlib/blob/v3.5.2/matplotlibrc.template
or from the matplotlib source distribution
weights for positive classes: tensor([0.0065, 0.0393, 0.0398, 0.0853, 0.1346, 0.3110, 0.3834],
       device='cuda:0')
../checkpoints/HAM/layerttl_resnet50_imagenet_17_2/
Testing on HAM, load model from at ../checkpoints/HAM/layerttl_resnet50_imagenet_17_2/
128
../checkpoints/HAM/layerttl_resnet50_imagenet_17_2/best.pt
/home/jusun/peng0347/anaconda3/lib/python3.7/site-packages/torch/nn/functional.py:718: UserWarning: Named tensors and all their associated APIs are an experimental feature and subject to change. Please do not use them for anything important until they are released as stable. (Triggered internally at  /pytorch/c10/core/TensorImpl.h:1156.)
  return torch.max_pool2d(input, kernel_size, stride, padding, dilation, ceil_mode)
0.9856892684874379 0.9747339469735765
0.8391878543505027 0.9618129476126487
0.8617388693426801 0.9662057550292844
0.9250729177263857 0.9944718385348076
0.8430935821403946 0.9921077718911654
0.9031408855189835 0.9958816138489459
0.762494287134985 0.9739393673496248
top one accuracy: 0.9007481296758105

Bad key text.latex.preview in file /home/jusun/peng0347/anaconda3/lib/python3.7/site-packages/matplotlib/mpl-data/stylelib/_classic_test.mplstyle, line 123 ('text.latex.preview : False')
You probably need to get an updated matplotlibrc file from
https://github.com/matplotlib/matplotlib/blob/v3.5.2/matplotlibrc.template
or from the matplotlib source distribution

Bad key mathtext.fallback_to_cm in file /home/jusun/peng0347/anaconda3/lib/python3.7/site-packages/matplotlib/mpl-data/stylelib/_classic_test.mplstyle, line 155 ('mathtext.fallback_to_cm : True  # When True, use symbols from the Computer Modern')
You probably need to get an updated matplotlibrc file from
https://github.com/matplotlib/matplotlib/blob/v3.5.2/matplotlibrc.template
or from the matplotlib source distribution

Bad key savefig.jpeg_quality in file /home/jusun/peng0347/anaconda3/lib/python3.7/site-packages/matplotlib/mpl-data/stylelib/_classic_test.mplstyle, line 418 ('savefig.jpeg_quality: 95       # when a jpeg is saved, the default quality parameter.')
You probably need to get an updated matplotlibrc file from
https://github.com/matplotlib/matplotlib/blob/v3.5.2/matplotlibrc.template
or from the matplotlib source distribution

Bad key keymap.all_axes in file /home/jusun/peng0347/anaconda3/lib/python3.7/site-packages/matplotlib/mpl-data/stylelib/_classic_test.mplstyle, line 466 ('keymap.all_axes : a                 # enable all axes')
You probably need to get an updated matplotlibrc file from
https://github.com/matplotlib/matplotlib/blob/v3.5.2/matplotlibrc.template
or from the matplotlib source distribution

Bad key animation.avconv_path in file /home/jusun/peng0347/anaconda3/lib/python3.7/site-packages/matplotlib/mpl-data/stylelib/_classic_test.mplstyle, line 477 ('animation.avconv_path: avconv     # Path to avconv binary. Without full path')
You probably need to get an updated matplotlibrc file from
https://github.com/matplotlib/matplotlib/blob/v3.5.2/matplotlibrc.template
or from the matplotlib source distribution

Bad key animation.avconv_args in file /home/jusun/peng0347/anaconda3/lib/python3.7/site-packages/matplotlib/mpl-data/stylelib/_classic_test.mplstyle, line 479 ('animation.avconv_args:            # Additional arguments to pass to avconv')
You probably need to get an updated matplotlibrc file from
https://github.com/matplotlib/matplotlib/blob/v3.5.2/matplotlibrc.template
or from the matplotlib source distribution
weights for positive classes: tensor([0.0065, 0.0393, 0.0398, 0.0853, 0.1346, 0.3110, 0.3834],
       device='cuda:0')
../checkpoints/HAM/layerttl_resnet50_imagenet_17_3/
Testing on HAM, load model from at ../checkpoints/HAM/layerttl_resnet50_imagenet_17_3/
128
../checkpoints/HAM/layerttl_resnet50_imagenet_17_3/best.pt
/home/jusun/peng0347/anaconda3/lib/python3.7/site-packages/torch/nn/functional.py:718: UserWarning: Named tensors and all their associated APIs are an experimental feature and subject to change. Please do not use them for anything important until they are released as stable. (Triggered internally at  /pytorch/c10/core/TensorImpl.h:1156.)
  return torch.max_pool2d(input, kernel_size, stride, padding, dilation, ceil_mode)
0.9824791566099089 0.9706746448882779
0.819808543629327 0.9577086258700609
0.8786510506308334 0.9746956964604023
0.9187328117791299 0.9948546752013722
0.8509574999848272 0.9798005844937253
0.9662096442221272 0.9914665642887059
0.8321856328732744 0.9957662440222876
top one accuracy: 0.8927680798004988
