
Bad key text.latex.preview in file /home/jusun/peng0347/anaconda3/lib/python3.7/site-packages/matplotlib/mpl-data/stylelib/_classic_test.mplstyle, line 123 ('text.latex.preview : False')
You probably need to get an updated matplotlibrc file from
https://github.com/matplotlib/matplotlib/blob/v3.5.2/matplotlibrc.template
or from the matplotlib source distribution

Bad key mathtext.fallback_to_cm in file /home/jusun/peng0347/anaconda3/lib/python3.7/site-packages/matplotlib/mpl-data/stylelib/_classic_test.mplstyle, line 155 ('mathtext.fallback_to_cm : True  # When True, use symbols from the Computer Modern')
You probably need to get an updated matplotlibrc file from
https://github.com/matplotlib/matplotlib/blob/v3.5.2/matplotlibrc.template
or from the matplotlib source distribution

Bad key savefig.jpeg_quality in file /home/jusun/peng0347/anaconda3/lib/python3.7/site-packages/matplotlib/mpl-data/stylelib/_classic_test.mplstyle, line 418 ('savefig.jpeg_quality: 95       # when a jpeg is saved, the default quality parameter.')
You probably need to get an updated matplotlibrc file from
https://github.com/matplotlib/matplotlib/blob/v3.5.2/matplotlibrc.template
or from the matplotlib source distribution

Bad key keymap.all_axes in file /home/jusun/peng0347/anaconda3/lib/python3.7/site-packages/matplotlib/mpl-data/stylelib/_classic_test.mplstyle, line 466 ('keymap.all_axes : a                 # enable all axes')
You probably need to get an updated matplotlibrc file from
https://github.com/matplotlib/matplotlib/blob/v3.5.2/matplotlibrc.template
or from the matplotlib source distribution

Bad key animation.avconv_path in file /home/jusun/peng0347/anaconda3/lib/python3.7/site-packages/matplotlib/mpl-data/stylelib/_classic_test.mplstyle, line 477 ('animation.avconv_path: avconv     # Path to avconv binary. Without full path')
You probably need to get an updated matplotlibrc file from
https://github.com/matplotlib/matplotlib/blob/v3.5.2/matplotlibrc.template
or from the matplotlib source distribution

Bad key animation.avconv_args in file /home/jusun/peng0347/anaconda3/lib/python3.7/site-packages/matplotlib/mpl-data/stylelib/_classic_test.mplstyle, line 479 ('animation.avconv_args:            # Additional arguments to pass to avconv')
You probably need to get an updated matplotlibrc file from
https://github.com/matplotlib/matplotlib/blob/v3.5.2/matplotlibrc.template
or from the matplotlib source distribution
weights for positive classes: tensor([0.0065, 0.0393, 0.0398, 0.0853, 0.1346, 0.3110, 0.3834],
       device='cuda:0')
../checkpoints/HAM/layerttl_resnet50_imagenet_13_3/
Testing on HAM, load model from at ../checkpoints/HAM/layerttl_resnet50_imagenet_13_3/
128
../checkpoints/HAM/layerttl_resnet50_imagenet_13_3/best.pt
/home/jusun/peng0347/anaconda3/lib/python3.7/site-packages/torch/nn/functional.py:718: UserWarning: Named tensors and all their associated APIs are an experimental feature and subject to change. Please do not use them for anything important until they are released as stable. (Triggered internally at  /pytorch/c10/core/TensorImpl.h:1156.)
  return torch.max_pool2d(input, kernel_size, stride, padding, dilation, ceil_mode)
0.9794253270306471 0.9607007448137067
0.723909620040343 0.9444394115545087
0.820662004120758 0.9596129360835244
0.8794792449761613 0.9917307280022052
0.799380774227075 0.9811836779345805
0.965290189374018 0.9830378333100657
0.7040857649860782 0.9644847102180494
top one accuracy: 0.8543640897755611

Bad key text.latex.preview in file /home/jusun/peng0347/anaconda3/lib/python3.7/site-packages/matplotlib/mpl-data/stylelib/_classic_test.mplstyle, line 123 ('text.latex.preview : False')
You probably need to get an updated matplotlibrc file from
https://github.com/matplotlib/matplotlib/blob/v3.5.2/matplotlibrc.template
or from the matplotlib source distribution

Bad key mathtext.fallback_to_cm in file /home/jusun/peng0347/anaconda3/lib/python3.7/site-packages/matplotlib/mpl-data/stylelib/_classic_test.mplstyle, line 155 ('mathtext.fallback_to_cm : True  # When True, use symbols from the Computer Modern')
You probably need to get an updated matplotlibrc file from
https://github.com/matplotlib/matplotlib/blob/v3.5.2/matplotlibrc.template
or from the matplotlib source distribution

Bad key savefig.jpeg_quality in file /home/jusun/peng0347/anaconda3/lib/python3.7/site-packages/matplotlib/mpl-data/stylelib/_classic_test.mplstyle, line 418 ('savefig.jpeg_quality: 95       # when a jpeg is saved, the default quality parameter.')
You probably need to get an updated matplotlibrc file from
https://github.com/matplotlib/matplotlib/blob/v3.5.2/matplotlibrc.template
or from the matplotlib source distribution

Bad key keymap.all_axes in file /home/jusun/peng0347/anaconda3/lib/python3.7/site-packages/matplotlib/mpl-data/stylelib/_classic_test.mplstyle, line 466 ('keymap.all_axes : a                 # enable all axes')
You probably need to get an updated matplotlibrc file from
https://github.com/matplotlib/matplotlib/blob/v3.5.2/matplotlibrc.template
or from the matplotlib source distribution

Bad key animation.avconv_path in file /home/jusun/peng0347/anaconda3/lib/python3.7/site-packages/matplotlib/mpl-data/stylelib/_classic_test.mplstyle, line 477 ('animation.avconv_path: avconv     # Path to avconv binary. Without full path')
You probably need to get an updated matplotlibrc file from
https://github.com/matplotlib/matplotlib/blob/v3.5.2/matplotlibrc.template
or from the matplotlib source distribution

Bad key animation.avconv_args in file /home/jusun/peng0347/anaconda3/lib/python3.7/site-packages/matplotlib/mpl-data/stylelib/_classic_test.mplstyle, line 479 ('animation.avconv_args:            # Additional arguments to pass to avconv')
You probably need to get an updated matplotlibrc file from
https://github.com/matplotlib/matplotlib/blob/v3.5.2/matplotlibrc.template
or from the matplotlib source distribution
weights for positive classes: tensor([0.0065, 0.0393, 0.0398, 0.0853, 0.1346, 0.3110, 0.3834],
       device='cuda:0')
../checkpoints/HAM/layerttl_resnet50_imagenet_14_3/
Testing on HAM, load model from at ../checkpoints/HAM/layerttl_resnet50_imagenet_14_3/
128
../checkpoints/HAM/layerttl_resnet50_imagenet_14_3/best.pt
/home/jusun/peng0347/anaconda3/lib/python3.7/site-packages/torch/nn/functional.py:718: UserWarning: Named tensors and all their associated APIs are an experimental feature and subject to change. Please do not use them for anything important until they are released as stable. (Triggered internally at  /pytorch/c10/core/TensorImpl.h:1156.)
  return torch.max_pool2d(input, kernel_size, stride, padding, dilation, ceil_mode)
0.9796800402301773 0.9643226148441644
0.7686030411401501 0.9490419894007338
0.8340356357936645 0.967196333078686
0.8583696597454193 0.9899390524026829
0.79409440995487 0.9763155015862598
0.9641241624291289 0.9823223509702639
0.8189839730333722 0.9803887158338087
top one accuracy: 0.8638403990024938

Bad key text.latex.preview in file /home/jusun/peng0347/anaconda3/lib/python3.7/site-packages/matplotlib/mpl-data/stylelib/_classic_test.mplstyle, line 123 ('text.latex.preview : False')
You probably need to get an updated matplotlibrc file from
https://github.com/matplotlib/matplotlib/blob/v3.5.2/matplotlibrc.template
or from the matplotlib source distribution

Bad key mathtext.fallback_to_cm in file /home/jusun/peng0347/anaconda3/lib/python3.7/site-packages/matplotlib/mpl-data/stylelib/_classic_test.mplstyle, line 155 ('mathtext.fallback_to_cm : True  # When True, use symbols from the Computer Modern')
You probably need to get an updated matplotlibrc file from
https://github.com/matplotlib/matplotlib/blob/v3.5.2/matplotlibrc.template
or from the matplotlib source distribution

Bad key savefig.jpeg_quality in file /home/jusun/peng0347/anaconda3/lib/python3.7/site-packages/matplotlib/mpl-data/stylelib/_classic_test.mplstyle, line 418 ('savefig.jpeg_quality: 95       # when a jpeg is saved, the default quality parameter.')
You probably need to get an updated matplotlibrc file from
https://github.com/matplotlib/matplotlib/blob/v3.5.2/matplotlibrc.template
or from the matplotlib source distribution

Bad key keymap.all_axes in file /home/jusun/peng0347/anaconda3/lib/python3.7/site-packages/matplotlib/mpl-data/stylelib/_classic_test.mplstyle, line 466 ('keymap.all_axes : a                 # enable all axes')
You probably need to get an updated matplotlibrc file from
https://github.com/matplotlib/matplotlib/blob/v3.5.2/matplotlibrc.template
or from the matplotlib source distribution

Bad key animation.avconv_path in file /home/jusun/peng0347/anaconda3/lib/python3.7/site-packages/matplotlib/mpl-data/stylelib/_classic_test.mplstyle, line 477 ('animation.avconv_path: avconv     # Path to avconv binary. Without full path')
You probably need to get an updated matplotlibrc file from
https://github.com/matplotlib/matplotlib/blob/v3.5.2/matplotlibrc.template
or from the matplotlib source distribution

Bad key animation.avconv_args in file /home/jusun/peng0347/anaconda3/lib/python3.7/site-packages/matplotlib/mpl-data/stylelib/_classic_test.mplstyle, line 479 ('animation.avconv_args:            # Additional arguments to pass to avconv')
You probably need to get an updated matplotlibrc file from
https://github.com/matplotlib/matplotlib/blob/v3.5.2/matplotlibrc.template
or from the matplotlib source distribution
weights for positive classes: tensor([0.0065, 0.0393, 0.0398, 0.0853, 0.1346, 0.3110, 0.3834],
       device='cuda:0')
../checkpoints/HAM/layerttl_resnet50_imagenet_15_3/
Testing on HAM, load model from at ../checkpoints/HAM/layerttl_resnet50_imagenet_15_3/
128
../checkpoints/HAM/layerttl_resnet50_imagenet_15_3/best.pt
/home/jusun/peng0347/anaconda3/lib/python3.7/site-packages/torch/nn/functional.py:718: UserWarning: Named tensors and all their associated APIs are an experimental feature and subject to change. Please do not use them for anything important until they are released as stable. (Triggered internally at  /pytorch/c10/core/TensorImpl.h:1156.)
  return torch.max_pool2d(input, kernel_size, stride, padding, dilation, ceil_mode)
0.9844989106061887 0.9706869985534982
0.7870346159395459 0.9536143699073444
0.8741574316538827 0.9758212375859435
0.8991036417255452 0.9920369973354568
0.8613307396567331 0.99178739431447
0.969520205054267 0.9962131788356834
0.8240289023329771 0.993177730004826
top one accuracy: 0.8753117206982544

Bad key text.latex.preview in file /home/jusun/peng0347/anaconda3/lib/python3.7/site-packages/matplotlib/mpl-data/stylelib/_classic_test.mplstyle, line 123 ('text.latex.preview : False')
You probably need to get an updated matplotlibrc file from
https://github.com/matplotlib/matplotlib/blob/v3.5.2/matplotlibrc.template
or from the matplotlib source distribution

Bad key mathtext.fallback_to_cm in file /home/jusun/peng0347/anaconda3/lib/python3.7/site-packages/matplotlib/mpl-data/stylelib/_classic_test.mplstyle, line 155 ('mathtext.fallback_to_cm : True  # When True, use symbols from the Computer Modern')
You probably need to get an updated matplotlibrc file from
https://github.com/matplotlib/matplotlib/blob/v3.5.2/matplotlibrc.template
or from the matplotlib source distribution

Bad key savefig.jpeg_quality in file /home/jusun/peng0347/anaconda3/lib/python3.7/site-packages/matplotlib/mpl-data/stylelib/_classic_test.mplstyle, line 418 ('savefig.jpeg_quality: 95       # when a jpeg is saved, the default quality parameter.')
You probably need to get an updated matplotlibrc file from
https://github.com/matplotlib/matplotlib/blob/v3.5.2/matplotlibrc.template
or from the matplotlib source distribution

Bad key keymap.all_axes in file /home/jusun/peng0347/anaconda3/lib/python3.7/site-packages/matplotlib/mpl-data/stylelib/_classic_test.mplstyle, line 466 ('keymap.all_axes : a                 # enable all axes')
You probably need to get an updated matplotlibrc file from
https://github.com/matplotlib/matplotlib/blob/v3.5.2/matplotlibrc.template
or from the matplotlib source distribution

Bad key animation.avconv_path in file /home/jusun/peng0347/anaconda3/lib/python3.7/site-packages/matplotlib/mpl-data/stylelib/_classic_test.mplstyle, line 477 ('animation.avconv_path: avconv     # Path to avconv binary. Without full path')
You probably need to get an updated matplotlibrc file from
https://github.com/matplotlib/matplotlib/blob/v3.5.2/matplotlibrc.template
or from the matplotlib source distribution

Bad key animation.avconv_args in file /home/jusun/peng0347/anaconda3/lib/python3.7/site-packages/matplotlib/mpl-data/stylelib/_classic_test.mplstyle, line 479 ('animation.avconv_args:            # Additional arguments to pass to avconv')
You probably need to get an updated matplotlibrc file from
https://github.com/matplotlib/matplotlib/blob/v3.5.2/matplotlibrc.template
or from the matplotlib source distribution
weights for positive classes: tensor([0.0065, 0.0393, 0.0398, 0.0853, 0.1346, 0.3110, 0.3834],
       device='cuda:0')
../checkpoints/HAM/layerttl_resnet50_imagenet_16_3/
Testing on HAM, load model from at ../checkpoints/HAM/layerttl_resnet50_imagenet_16_3/
128
../checkpoints/HAM/layerttl_resnet50_imagenet_16_3/best.pt
/home/jusun/peng0347/anaconda3/lib/python3.7/site-packages/torch/nn/functional.py:718: UserWarning: Named tensors and all their associated APIs are an experimental feature and subject to change. Please do not use them for anything important until they are released as stable. (Triggered internally at  /pytorch/c10/core/TensorImpl.h:1156.)
  return torch.max_pool2d(input, kernel_size, stride, padding, dilation, ceil_mode)
0.981915367066444 0.9753881297000082
0.837637262325578 0.9610529812323535
0.89101685238143 0.9778762414056532
0.9356019311606283 0.9949465560013476
0.8574931834066287 0.9831684560926437
0.9683781892869419 0.9945030015356695
0.8610721671579101 0.996555960163208
top one accuracy: 0.8937655860349127
